<?xml version="1.0" encoding="UTF-8"?>
<testng-results ignored="0" total="2" passed="2" failed="0" skipped="0">
  <reporter-output>
    <line>
      <![CDATA[This is the body I'm sending: {"name":"Bryan","job":"SDET"}]]>
    </line>
    <line>
      <![CDATA[This is the response code: 201]]>
    </line>
    <line>
      <![CDATA[This is the response body: {"name":"Bryan","job":"SDET","id":"12","createdAt":"2023-01-12T20:15:25.196Z"}]]>
    </line>
    <line>
      <![CDATA[This is the body I'm sending: {"name":"Mac","job":"iOS Developer"}]]>
    </line>
    <line>
      <![CDATA[This is the response code: 201]]>
    </line>
    <line>
      <![CDATA[This is the response body: {"name":"Mac","job":"iOS Developer","id":"137","createdAt":"2023-01-12T20:15:25.817Z"}]]>
    </line>
  </reporter-output>
  <suite started-at="2023-01-12T14:15:27 CST" name="Default suite" finished-at="2023-01-12T14:15:32 CST" duration-ms="5149">
    <groups>
    </groups>
    <test started-at="2023-01-12T14:15:27 CST" name="Default test" finished-at="2023-01-12T14:15:32 CST" duration-ms="5149">
      <class name="com.unosquare.PostUsingJSON">
        <test-method signature="postUsingJSON1()[pri:0, instance:com.unosquare.PostUsingJSON@3d1cfad4]" started-at="2023-01-12T14:15:27 CST" name="postUsingJSON1" finished-at="2023-01-12T14:15:32 CST" duration-ms="4523" status="PASS">
          <reporter-output>
            <line>
              <![CDATA[This is the body I'm sending: {"name":"Bryan","job":"SDET"}]]>
            </line>
            <line>
              <![CDATA[This is the response code: 201]]>
            </line>
            <line>
              <![CDATA[This is the response body: {"name":"Bryan","job":"SDET","id":"12","createdAt":"2023-01-12T20:15:25.196Z"}]]>
            </line>
          </reporter-output>
        </test-method> <!-- postUsingJSON1 -->
        <test-method signature="postUsingJSON2()[pri:0, instance:com.unosquare.PostUsingJSON@3d1cfad4]" started-at="2023-01-12T14:15:32 CST" name="postUsingJSON2" finished-at="2023-01-12T14:15:32 CST" duration-ms="552" status="PASS">
          <reporter-output>
            <line>
              <![CDATA[This is the body I'm sending: {"name":"Mac","job":"iOS Developer"}]]>
            </line>
            <line>
              <![CDATA[This is the response code: 201]]>
            </line>
            <line>
              <![CDATA[This is the response body: {"name":"Mac","job":"iOS Developer","id":"137","createdAt":"2023-01-12T20:15:25.817Z"}]]>
            </line>
          </reporter-output>
        </test-method> <!-- postUsingJSON2 -->
      </class> <!-- com.unosquare.PostUsingJSON -->
    </test> <!-- Default test -->
  </suite> <!-- Default suite -->
</testng-results>
