<?xml version="1.0" encoding="UTF-8"?>
<!-- Generated by org.testng.reporters.JUnitReportReporter -->
<testsuite hostname="REM-LT-230102A" failures="0" tests="2" name="com.unosquare.PostUsingJSON" time="5.075" errors="0" timestamp="2023-01-12T14:15:33 CST" skipped="0">
  <testcase classname="com.unosquare.PostUsingJSON" name="postUsingJSON1" time="4.523"/>
  <system-out>
    <![CDATA[This is the body I'm sending: {"name":"Bryan","job":"SDET"}
This is the response code: 201
This is the response body: {"name":"Bryan","job":"SDET","id":"12","createdAt":"2023-01-12T20:15:25.196Z"}]]>
  </system-out>
  <testcase classname="com.unosquare.PostUsingJSON" name="postUsingJSON2" time="0.552"/>
  <system-out>
    <![CDATA[This is the body I'm sending: {"name":"Mac","job":"iOS Developer"}
This is the response code: 201
This is the response body: {"name":"Mac","job":"iOS Developer","id":"137","createdAt":"2023-01-12T20:15:25.817Z"}]]>
  </system-out>
</testsuite> <!-- com.unosquare.PostUsingJSON -->
