<?xml version="1.0" encoding="UTF-8"?>
<!-- Generated by org.testng.reporters.JUnitReportReporter -->
<testsuite hostname="REM-LT-230102A" failures="0" tests="1" name="com.unosquare.POSTUsingJSONFiles" time="4.097" errors="0" timestamp="2023-01-12T13:49:43 CST" skipped="0">
  <testcase classname="com.unosquare.POSTUsingJSONFiles" name="main" time="4.097"/>
  <system-out>
    <![CDATA[This is the body I'm sending: {"name":"Bryan","job":"SDET"}
This is the response code: 201
This is the response body: {"name":"Bryan","job":"SDET","id":"251","createdAt":"2023-01-12T19:49:36.112Z"}]]>
  </system-out>
</testsuite> <!-- com.unosquare.POSTUsingJSONFiles -->
