<?xml version="1.0" encoding="UTF-8"?>
<!-- Generated by org.testng.reporters.JUnitReportReporter -->
<testsuite hostname="REM-LT-230102A" failures="0" tests="1" name="com.unosquare.FirstPost" time="4.649" errors="0" timestamp="2023-01-12T12:44:45 CST" skipped="0">
  <testcase classname="com.unosquare.FirstPost" name="firstPost" time="4.649"/>
  <system-out>
    <![CDATA[<!DOCTYPE html>
<html lang="en">
<head>
<meta charset="utf-8">
<title>Error</title>
</head>
<body>
<pre>Bad Request</pre>
</body>
</html>
]]>
  </system-out>
</testsuite> <!-- com.unosquare.FirstPost -->
