<?xml version="1.0" encoding="UTF-8"?>
<!-- Generated by org.testng.reporters.JUnitReportReporter -->
<testsuite hostname="REM-LT-230102A" failures="0" tests="2" name="com.unosquare.FirstAPITest_Gherkin" time="5.125" errors="0" timestamp="2023-01-12T14:05:03 CST" skipped="0">
  <testcase classname="com.unosquare.FirstAPITest_Gherkin" name="test1_Gherkin" time="4.824"/>
  <system-out>
    <![CDATA[{"data":{"id":2,"email":"janet.weaver@reqres.in","first_name":"Janet","last_name":"Weaver","avatar":"https://reqres.in/img/faces/2-image.jpg"},"support":{"url":"https://reqres.in/#support-heading","text":"To keep ReqRes free, contributions towards server costs are appreciated!"}}]]>
  </system-out>
  <testcase classname="com.unosquare.FirstAPITest_Gherkin" name="test2_Gherkin" time="0.301"/>
  <system-out>
    <![CDATA[{"data":{"id":2,"name":"fuchsia rose","year":2001,"color":"#C74375","pantone_value":"17-2031"},"support":{"url":"https://reqres.in/#support-heading","text":"To keep ReqRes free, contributions towards server costs are appreciated!"}}]]>
  </system-out>
</testsuite> <!-- com.unosquare.FirstAPITest_Gherkin -->
